[moonwalkersclub.com/index.html]
[moonwalkersclub.com/img/logo_main.png]
[backblue.gif]
[fade.gif]
[index.html]
[moonwalkersclub.com/css/bootstrap.min.css]
[cdnjs.cloudflare.com/ajax/libs/font-awesome/6.0.0-beta2/css/all.min.css]
[cdnjs.cloudflare.com/ajax/libs/font-awesome/6.0.0-beta2/css/fontawesome.min.css]
[cdnjs.cloudflare.com/ajax/libs/font-awesome/6.0.0-beta2/css/brands.min.css]
[moonwalkersclub.com/css/owl.carousel.css]
[moonwalkersclub.com/css/animate.css]
[moonwalkersclub.com/css/style-latest.css]
[moonwalkersclub.com/css/responsive.css]
[cdnjs.cloudflare.com/ajax/libs/sweetalert/1.1.3/sweetalert.min.css]
[moonwalkersclub.com/cdn-cgi/challenge-platform/h/b/scripts/invisible.js]
[moonwalkersclub.com/img/logo.png]
[moonwalkersclub.com/nft/1.png]
[moonwalkersclub.com/nft/2.png]
[moonwalkersclub.com/img/welcome_bg.png]
[moonwalkersclub.com/img/history_icon.png]
[moonwalkersclub.com/img/roadmap_icon.png]
[moonwalkersclub.com/img/shape1.png]
[moonwalkersclub.com/img/shape2.png]
[moonwalkersclub.com/nft/8.png]
[moonwalkersclub.com/nft/3.png]
[moonwalkersclub.com/nft/4.png]
[moonwalkersclub.com/nft/5.png]
[moonwalkersclub.com/nft/6.png]
[moonwalkersclub.com/nft/7.png]
[moonwalkersclub.com/nft/9.jpg]
[moonwalkersclub.com/nft/10.jpg]
[moonwalkersclub.com/nft/11.jpg]
[moonwalkersclub.com/nft/s1.png]
[moonwalkersclub.com/nft/s2.jpg]
[moonwalkersclub.com/nft/s3.jpg]
[moonwalkersclub.com/img/FAQ-PNG-Transparent.png]
[moonwalkersclub.com/team/1.png]
[moonwalkersclub.com/team/2.png]
[moonwalkersclub.com/team/3.png]
[moonwalkersclub.com/js/jquery.js]
[moonwalkersclub.com/js/bootstrap.min.js]
[moonwalkersclub.com/js/owl.carousel.min.js]
[cdnjs.cloudflare.com/ajax/libs/sweetalert/1.1.3/sweetalert.min.js]
[moonwalkersclub.com/dist/index.js]
[unpkg.com/web3@1.2.11/dist/web3.min.js]
[unpkg.com/evm-chains@0.2.0/dist/umd/index.min.js]
[unpkg.com/@walletconnect/web3-provider@1.2.1/dist/umd/index.min.js]
[unpkg.com/fortmatic@2.0.6/dist/fortmatic.js]
[moonwalkersclub.com/js/wallet.js]
[moonwalkersclub.com/js/wow.min.js]
[moonwalkersclub.com/js/main.js]
[moonwalkersclub.com/js/maisn.js]
[moonwalkersclub.com/index.html]
[cdnjs.cloudflare.com/ajax/libs/jquery.matchHeight/0.7.2/jquery.matchHeight-min.js]
[moonwalkersclub.com/fonts/glyphicons-halflings-regular.eot]
[moonwalkersclub.com/fonts/glyphicons-halflings-regulard41d.eot]
[moonwalkersclub.com/fonts/glyphicons-halflings-regular.woff2]
[moonwalkersclub.com/fonts/glyphicons-halflings-regular.woff]
[moonwalkersclub.com/fonts/glyphicons-halflings-regular.ttf]
[moonwalkersclub.com/fonts/glyphicons-halflings-regular.svg]
[moonwalkersclub.com/css/bootstrap.min.css]
[cdnjs.cloudflare.com/ajax/libs/font-awesome/6.0.0-beta2/css/all.min.css]
[cdnjs.cloudflare.com/ajax/libs/font-awesome/6.0.0-beta2/css/fontawesome.min.css]
[cdnjs.cloudflare.com/ajax/libs/font-awesome/6.0.0-beta2/css/brands.min.css]
[moonwalkersclub.com/css/owl.video.play.png]
[moonwalkersclub.com/css/owl.carousel.css]
[moonwalkersclub.com/css/animate.css]
[moonwalkersclub.com/img/bg5.png]
[moonwalkersclub.com/img/bg6.png]
[moonwalkersclub.com/img/banner1_old.jpg]
[moonwalkersclub.com/img/bb2.png]
[moonwalkersclub.com/img/promo-video-5.png]
[moonwalkersclub.com/img/shape-s.png]
[moonwalkersclub.com/img/abc.png]
[moonwalkersclub.com/img/roadbg1.png]
[moonwalkersclub.com/img/bg_team.png]
[moonwalkersclub.com/img/bg-ft.png]
[moonwalkersclub.com/css/style-latest.css]
[moonwalkersclub.com/css/responsive.css]
[cdnjs.cloudflare.com/ajax/libs/sweetalert/1.1.3/sweetalert.min.css]
[moonwalkersclub.com/fonts/glyphicons-halflings-regular.html]
[moonwalkersclub.com/fonts/glyphicons-halflings-regulard41d.html]
[moonwalkersclub.com/fonts/glyphicons-halflings-regular-2.html]
[moonwalkersclub.com/fonts/glyphicons-halflings-regular-3.html]
[moonwalkersclub.com/fonts/glyphicons-halflings-regular-4.html]
[moonwalkersclub.com/fonts/glyphicons-halflings-regular-5.html]
[moonwalkersclub.com/css/owl.video.play.html]
[moonwalkersclub.com/img/promo-video-5.html]
